

 ETABS Ultimate 64-bit 19.1.0 Build 2420 (Analysis Build 9853/64)               
 File: \\192.168.1.253\ts1\#Th...\3.Thuc hien\SS pho\11062022-A18_B22.5 - V2.OUT
                                                                     
                                                                       

 1, CONSTR = RIGID, DOF = U1 U2 R3

                     LOCAL COORDINATE SYSTEM FOR CONSTRAINT MASTER
  GLOBAL          U1          U2          U3          R1          R2          R3
     X      1.000000     .000000     .000000    1.000000     .000000     .000000
     Y       .000000    1.000000     .000000     .000000    1.000000     .000000
     Z       .000000     .000000    1.000000     .000000     .000000    1.000000

                     TRANSLATIONAL MASS AND MASS MOMENTS OF INERTIA
                  U1          U2          U3          R1          R2          R3
           27.926210   27.926210     .000000     .000000     .000000  3.1417E+08

                     CENTER OF MASS
  GLOBAL          U1          U2          U3
     X      2375.129    2375.129    2532.063
     Y      7544.351    7544.351    7479.117
     Z     13500.000   13500.000   13500.000

 2, CONSTR = RIGID, DOF = U1 U2 R3

                     LOCAL COORDINATE SYSTEM FOR CONSTRAINT MASTER
  GLOBAL          U1          U2          U3          R1          R2          R3
     X      1.000000     .000000     .000000    1.000000     .000000     .000000
     Y       .000000    1.000000     .000000     .000000    1.000000     .000000
     Z       .000000     .000000    1.000000     .000000     .000000    1.000000

                     TRANSLATIONAL MASS AND MASS MOMENTS OF INERTIA
                  U1          U2          U3          R1          R2          R3
           41.250760   41.250760     .000000     .000000     .000000  8.8711E+08

                     CENTER OF MASS
  GLOBAL          U1          U2          U3
     X      2889.372    2889.372    2897.732
     Y      6798.388    6798.388    7025.870
     Z     10500.000   10500.000   10500.000

 3, CONSTR = RIGID, DOF = U1 U2 R3

                     LOCAL COORDINATE SYSTEM FOR CONSTRAINT MASTER
  GLOBAL          U1          U2          U3          R1          R2          R3
     X      1.000000     .000000     .000000    1.000000     .000000     .000000
     Y       .000000    1.000000     .000000     .000000    1.000000     .000000
     Z       .000000     .000000    1.000000     .000000     .000000    1.000000

                     TRANSLATIONAL MASS AND MASS MOMENTS OF INERTIA
                  U1          U2          U3          R1          R2          R3
           41.421910   41.421910     .000000     .000000     .000000  9.7134E+08

                     CENTER OF MASS
  GLOBAL          U1          U2          U3
     X      2840.973    2840.973    2818.361
     Y      6540.218    6540.218    6864.790
     Z      7200.000    7200.000    7200.000

 4, CONSTR = RIGID, DOF = U1 U2 R3

                     LOCAL COORDINATE SYSTEM FOR CONSTRAINT MASTER
  GLOBAL          U1          U2          U3          R1          R2          R3
     X      1.000000     .000000     .000000    1.000000     .000000     .000000
     Y       .000000    1.000000     .000000     .000000    1.000000     .000000
     Z       .000000     .000000    1.000000     .000000     .000000    1.000000

                     TRANSLATIONAL MASS AND MASS MOMENTS OF INERTIA
                  U1          U2          U3          R1          R2          R3
           44.448460   44.448460     .000000     .000000     .000000  1.0982E+09

                     CENTER OF MASS
  GLOBAL          U1          U2          U3
     X      2783.790    2783.790    2567.265
     Y      6198.254    6198.254    5901.125
     Z      3900.000    3900.000    3900.000

 D I S P L A C E M E N T   D E G R E E S   O F   F R E E D O M

         (A) = Active DOF, equilibrium equation
         (-) = Restrained DOF, reaction computed
         (+) = Constrained DOF
         (>) = External substructure DOF
         ( ) = Null DOF

  JOINTS              UX  UY  UZ  RX  RY  RZ
     359 TO     366    +   +   A   A   A   +
     370 TO     584    -   -   -   -   -   -
       1 TO      30    +   +   A   A   A   +
      85 TO      83    +   +   -   -   -   +
    ~112 TO    ~573    +   +   A   A   A   +
    NULL                                    

  CONSTRAINTS         U1  U2  U3  R1  R2  R3
 1       TO 4          A   A               A
