

 ETABS Ultimate 64-bit 19.1.0 Build 2420 (Analysis Build 9853/64)               
 File: \\192.168.1.253\ts1\#Th...ONG VINH\3.Thuc hien\SS dong dat\MAU_BT1_DD.OUT
                                                                     
                                                                       

 1, CONSTR = RIGID, DOF = U1 U2 R3

                     LOCAL COORDINATE SYSTEM FOR CONSTRAINT MASTER
  GLOBAL          U1          U2          U3          R1          R2          R3
     X      1.000000     .000000     .000000    1.000000     .000000     .000000
     Y       .000000    1.000000     .000000     .000000    1.000000     .000000
     Z       .000000     .000000    1.000000     .000000     .000000    1.000000

                     TRANSLATIONAL MASS AND MASS MOMENTS OF INERTIA
                  U1          U2          U3          R1          R2          R3
           17.996836   17.996836     .000000     .000000     .000000  1.3980E+08

                     CENTER OF MASS
  GLOBAL          U1          U2          U3
     X      5849.064    5849.064    5633.030
     Y      7404.549    7404.549    7386.932
     Z     14300.000   14300.000   14300.000

 2, CONSTR = RIGID, DOF = U1 U2 R3

                     LOCAL COORDINATE SYSTEM FOR CONSTRAINT MASTER
  GLOBAL          U1          U2          U3          R1          R2          R3
     X      1.000000     .000000     .000000    1.000000     .000000     .000000
     Y       .000000    1.000000     .000000     .000000    1.000000     .000000
     Z       .000000     .000000    1.000000     .000000     .000000    1.000000

                     TRANSLATIONAL MASS AND MASS MOMENTS OF INERTIA
                  U1          U2          U3          R1          R2          R3
           57.285929   57.285929     .000000     .000000     .000000  1.2752E+09

                     CENTER OF MASS
  GLOBAL          U1          U2          U3
     X      3939.932    3939.932    3471.267
     Y      5777.586    5777.586    5232.318
     Z     10500.000   10500.000   10500.000

 3, CONSTR = RIGID, DOF = U1 U2 R3

                     LOCAL COORDINATE SYSTEM FOR CONSTRAINT MASTER
  GLOBAL          U1          U2          U3          R1          R2          R3
     X      1.000000     .000000     .000000    1.000000     .000000     .000000
     Y       .000000    1.000000     .000000     .000000    1.000000     .000000
     Z       .000000     .000000    1.000000     .000000     .000000    1.000000

                     TRANSLATIONAL MASS AND MASS MOMENTS OF INERTIA
                  U1          U2          U3          R1          R2          R3
           50.794448   50.794448     .000000     .000000     .000000  1.1436E+09

                     CENTER OF MASS
  GLOBAL          U1          U2          U3
     X      4142.656    4142.656    4170.250
     Y      5689.667    5689.667    5747.404
     Z      7200.000    7200.000    7200.000

 4, CONSTR = RIGID, DOF = U1 U2 R3

                     LOCAL COORDINATE SYSTEM FOR CONSTRAINT MASTER
  GLOBAL          U1          U2          U3          R1          R2          R3
     X      1.000000     .000000     .000000    1.000000     .000000     .000000
     Y       .000000    1.000000     .000000     .000000    1.000000     .000000
     Z       .000000     .000000    1.000000     .000000     .000000    1.000000

                     TRANSLATIONAL MASS AND MASS MOMENTS OF INERTIA
                  U1          U2          U3          R1          R2          R3
           53.088923   53.088923     .000000     .000000     .000000  1.2758E+09

                     CENTER OF MASS
  GLOBAL          U1          U2          U3
     X      4090.450    4090.450    3945.012
     Y      5428.485    5428.485    5245.129
     Z      3900.000    3900.000    3900.000

 D I S P L A C E M E N T   D E G R E E S   O F   F R E E D O M

         (A) = Active DOF, equilibrium equation
         (-) = Restrained DOF, reaction computed
         (+) = Constrained DOF
         (>) = External substructure DOF
         ( ) = Null DOF

  JOINTS              UX  UY  UZ  RX  RY  RZ
       1               +   +   A   A   A   +
       2               -   -   -   -   -   -
       3               +   +   A   A   A   +
       4               -   -   -   -   -   -
       5               +   +   A   A   A   +
       6               -   -   -   -   -   -
       7               +   +   A   A   A   +
       8               -   -   -   -   -   -
       9               +   +   A   A   A   +
      10               -   -   -   -   -   -
      11               +   +   A   A   A   +
      12               -   -   -   -   -   -
      13               +   +   A   A   A   +
      14               -   -   -   -   -   -
      15               +   +   A   A   A   +
      16               -   -   -   -   -   -
      17               +   +   A   A   A   +
      18               -   -   -   -   -   -
      19               +   +   A   A   A   +
      20               -   -   -   -   -   -
      21               +   +   A   A   A   +
      22               -   -   -   -   -   -
      23               +   +   A   A   A   +
      24               -   -   -   -   -   -
      27 TO      32    +   +   A   A   A   +
      33 TO      34    A   A   A   A   A   A
      35               +   +   A   A   A   +
      36 TO      37    A   A   A   A   A   A
      38 TO      40    +   +   A   A   A   +
      41 TO      42    -   -   -   -   -   -
      43 TO      66    +   +   A   A   A   +
      67 TO      68    A   A   A   A   A   A
      69               +   +   A   A   A   +
      70 TO      71    A   A   A   A   A   A
      72 TO     190    +   +   A   A   A   +
     218 TO     226    A   A   A   A   A   A
     230               +   +   A   A   A   +
     233               A   A   A   A   A   A
     234 TO     165    +   +   A   A   A   +
     108 TO     107    +   +   -   -   -   +
    ~187 TO    ~197    A   A   A   A   A   A
    ~198               +   +   A   A   A   +
    ~199 TO    ~223    A   A   A   A   A   A
    ~224               +   +   A   A   A   +
    ~225 TO    ~228    A   A   A   A   A   A
    ~229               +   +   A   A   A   +
    ~230 TO    ~236    A   A   A   A   A   A
    ~237               +   +   A   A   A   +
    ~238 TO    ~244    A   A   A   A   A   A
    ~245               +   +   A   A   A   +
    ~246 TO    ~272    A   A   A   A   A   A
    ~273               A   A   +   +   +   A
    ~274 TO    ~277    A   A   A   A   A   A
    ~278 TO    ~342    +   +   A   A   A   +
    ~343               +   +   +   +   +   +
    ~344 TO    ~515    +   +   A   A   A   +
    NULL                                    

  CONSTRAINTS         U1  U2  U3  R1  R2  R3
 1       TO 4          A   A               A
 ~LineCo                       A   A   A    
 ~LineCo                                    
